# CVS $Revision: 21663 $ $Author: amaitland $ -- Tue Apr 21 09:24:50 2015 -- reformated by prettylst.pl v1.51 (build 25836)
SOURCELONG:Pathfinder Unchained	SOURCESHORT:PU	SOURCEWEB:http://paizo.com/products/btpy97vo	SOURCEDATE:2015-04
# Original Entry by: Stefan Radermacher

# Class Name			Hit Dice	Type			Class Type		Abbreviation	Max Level	Ex Class					Source Page		Ability																				Define			Combat bonus										Save bonus																						Modify VAR				Monster Role	Serves As
CLASS:Unchained Barbarian	HD:12		TYPE:Base.PC	CLASSTYPE:PC	ABB:UBr		MAXLEVEL:20	EXCLASS:Unchained Ex-Barbarian	SOURCEPAGE:p.8	ABILITY:Internal|AUTOMATIC|Class Skills ~ Unchained Barbarian|!PREABILITY:1,CATEGORY=Archetype,TYPE.BarbarianClassSkills	DEFINE:BarbarianLVL|0	BONUS:COMBAT|BASEAB|classlevel("APPLIEDAS=NONEPIC")|TYPE=Base.REPLACE	BONUS:SAVE|BASE.Fortitude|classlevel("APPLIEDAS=NONEPIC")/2+2	BONUS:SAVE|BASE.Reflex,BASE.Will|classlevel("APPLIEDAS=NONEPIC")/3	BONUS:VAR|BarbarianLVL|CL	ROLE:Combat.Skill	SERVESAS:CLASS|Barbarian
# Class Name			Restricted AL		Prohibited Class
CLASS:Unchained Barbarian	!PREALIGN:LG,LN,LE	!PRECLASS:1,Barbarian=1,Ex-Barbarian=1
# Class Name			Skill Pts/Lvl
CLASS:Unchained Barbarian	STARTSKILLPTS:4
###Block:Proficiencies
1	ABILITY:Barbarian Class Feature|AUTOMATIC|Unchained Barbarian ~ Weapon and Armor Proficiency|!PREABILITY:1,CATEGORY=Archetype,TYPE.BarbarianArmorProficiencies|!PREABILITY:1,CATEGORY=Archetype,TYPE.BarbarianWeaponProficiencies
###Block: Level Progression
1	ABILITY:Barbarian Class Feature|AUTOMATIC|Unchained Barbarian ~ Rage|!PREABILITY:1,CATEGORY=Archetype,TYPE.BarbarianRage|PREVARGTEQ:BarbarianLVL,1
1	ABILITY:Barbarian Class Feature|AUTOMATIC|Unchained Barbarian ~ Fast Movement|!PREABILITY:1,CATEGORY=Archetype,TYPE.BarbarianFastMovement|PREVARGTEQ:BarbarianLVL,1
2	ABILITY:Barbarian Class Feature|AUTOMATIC|Unchained Barbarian ~ Rage Powers|!PREABILITY:1,CATEGORY=Archetype,TYPE.BarbarianRagePowers|PREVARGTEQ:BarbarianLVL,2
2	ABILITY:Barbarian Class Feature|AUTOMATIC|Unchained Barbarian ~ Uncanny Dodge Tracker|PREVARGTEQ:BarbarianLVL,2
3	ABILITY:Barbarian Class Feature|AUTOMATIC|Unchained Barbarian ~ Danger Sense|!PREABILITY:1,CATEGORY=Archetype,TYPE.BarbarianTrapSense|PREVARGTEQ:BarbarianLVL,3
7	ABILITY:Barbarian Class Feature|AUTOMATIC|Unchained Barbarian ~ Damage Reduction|!PREABILITY:1,CATEGORY=Archetype,TYPE.BarbarianDamageReduction|PREVARGTEQ:BarbarianLVL,7
11	ABILITY:Barbarian Class Feature|AUTOMATIC|Unchained Barbarian ~ Greater Rage|!PREABILITY:1,CATEGORY=Archetype,TYPE.BarbarianGreaterRage|PREVARGTEQ:BarbarianLVL,11
14	ABILITY:Barbarian Class Feature|AUTOMATIC|Unchained Barbarian ~ Indomitable Will|!PREABILITY:1,CATEGORY=Archetype,TYPE.BarbarianIndomitableWill|PREVARGTEQ:BarbarianLVL,14
17	ABILITY:Barbarian Class Feature|AUTOMATIC|Unchained Barbarian ~ Tireless Rage|!PREABILITY:1,CATEGORY=Archetype,TYPE.BarbarianTirelessRage|PREVARGTEQ:BarbarianLVL,17
20	ABILITY:Barbarian Class Feature|AUTOMATIC|Unchained Barbarian ~ Mighty Rage|!PREABILITY:1,CATEGORY=Archetype,TYPE.BarbarianMightyRage|PREVARGTEQ:BarbarianLVL,20

# Class Name			Hit Dice	Type			Class Type		Abbreviation	Max Level	Ability																				Visible	Define			Combat bonus										Save bonus																						Modify VAR				Monster Role
CLASS:Unchained Ex-Barbarian	HD:12		TYPE:Base.PC	CLASSTYPE:PC	ABB:Brb		MAXLEVEL:20	ABILITY:Internal|AUTOMATIC|Class Skills ~ Unchained Barbarian|!PREABILITY:1,CATEGORY=Archetype,TYPE.BarbarianClassSkills	VISIBLE:NO	DEFINE:BarbarianLVL|0	BONUS:COMBAT|BASEAB|classlevel("APPLIEDAS=NONEPIC")|TYPE=Base.REPLACE	BONUS:SAVE|BASE.Fortitude|classlevel("APPLIEDAS=NONEPIC")/2+2	BONUS:SAVE|BASE.Reflex,BASE.Will|classlevel("APPLIEDAS=NONEPIC")/3	BONUS:VAR|BarbarianLVL|CL	ROLE:Combat.Skill
# Class Name			Skill Pts/Lvl
CLASS:Unchained Ex-Barbarian	STARTSKILLPTS:4
###Block:Proficiencies
1	ABILITY:Barbarian Class Feature|AUTOMATIC|Unchained Barbarian ~ Weapon and Armor Proficiency|!PREABILITY:1,CATEGORY=Archetype,TYPE.BarbarianArmorProficiencies|!PREABILITY:1,CATEGORY=Archetype,TYPE.BarbarianWeaponProficiencies
###Block: Level Progression
1	ABILITY:Barbarian Class Feature|AUTOMATIC|Unchained Barbarian ~ Fast Movement|!PREABILITY:1,CATEGORY=Archetype,TYPE.BarbarianFastMovement
2	ABILITY:Barbarian Class Feature|AUTOMATIC|Unchained Barbarian ~ Uncanny Dodge Tracker
3	ABILITY:Barbarian Class Feature|AUTOMATIC|Unchained Barbarian ~ Danger Sense|!PREABILITY:1,CATEGORY=Archetype,TYPE.BarbarianTrapSense
7	ABILITY:Barbarian Class Feature|AUTOMATIC|Unchained Barbarian ~ Damage Reduction|!PREABILITY:1,CATEGORY=Archetype,TYPE.BarbarianDamageReduction
14	ABILITY:Barbarian Class Feature|AUTOMATIC|Unchained Barbarian ~ Indomitable Will|!PREABILITY:1,CATEGORY=Archetype,TYPE.BarbarianIndomitableWill

# Class Name		Prohibited Class
CLASS:Barbarian.MOD	!PRECLASS:1,Unchained Barbarian=1,Unchained Ex-Barbarian=1

# Class Name		Hit Dice	Type				Class Type		Abbreviation	Max Level	Source Page		Ability																Define		Combat bonus											Save bonus																					Modify VAR			Monster Role
CLASS:Unchained Rogue	HD:8		TYPE:Base.PC.Rogue	CLASSTYPE:PC	ABB:URg		MAXLEVEL:20	SOURCEPAGE:p.20	ABILITY:Internal|AUTOMATIC|Class Skills ~ Unchained Rogue|!PREABILITY:1,CATEGORY=Archetype,RogueClassSkills	DEFINE:RogueLVL|0	BONUS:COMBAT|BASEAB|classlevel("APPLIEDAS=NONEPIC")*3/4|TYPE=Base.REPLACE	BONUS:SAVE|BASE.Reflex|classlevel("APPLIEDAS=NONEPIC")/2+2	BONUS:SAVE|BASE.Fortitude,BASE.Will|classlevel("APPLIEDAS=NONEPIC")/3	BONUS:VAR|RogueLVL|CL	ROLE:Skill
# Class Name		Skill Pts/Lvl
CLASS:Unchained Rogue	STARTSKILLPTS:8
###Block:Proficiencies
1	ABILITY:Special Ability|AUTOMATIC|Weapon and Armor Proficiency ~ Unchained Rogue|!PREABILITY:1,CATEGORY=Archetype,TYPE.RogueWeaponProficiencies,TYPE.RogueLightArmor,TYPE.RogueArmorProficiencies
###Block: Level progression
1	BONUS:VAR|RogueSneakAttackLVL|CL	BONUS:VAR|TrapfindingLVL|CL
2	BONUS:VAR|RogueTalentLVL|CL
3	BONUS:VAR|RogueTrapSenseLVL|CL
4	BONUS:VAR|UncannyDodgeFlankingLevel|CL|TYPE=EachClass.REPLACE
4	BONUS:VAR|UncannyDodgeLVL|1|!PREABILITY:1,CATEGORY=Archetype,TYPE.RogueUncannyDodge
8	BONUS:VAR|UncannyDodgeLVL|1|!PREABILITY:1,CATEGORY=Archetype,TYPE.RogueImprovedUncannyDodge
20	BONUS:VAR|MasterStrikeLVL|CL
###Block:
1	ABILITY:Rogue Class Feature|AUTOMATIC|Unchained Rogue ~ Sneak Attack|!PREABILITY:1,CATEGORY=Archetype,TYPE.RogueSneakAttack
1	ABILITY:Rogue Class Feature|AUTOMATIC|Unchained Rogue ~ Trapfinding|!PREABILITY:1,CATEGORY=Archetype,TYPE.RogueTrapfinding
2	ABILITY:Rogue Class Feature|AUTOMATIC|Unchained Rogue ~ Evasion|!PREABILITY:1,CATEGORY=Archetype,TYPE.RogueEvasion
2	ABILITY:Rogue Class Feature|AUTOMATIC|Unchained Rogue ~ Rogue Talents|!PREABILITY:1,CATEGORY=Archetype,TYPE.RogueTalents
3	ABILITY:Rogue Class Feature|AUTOMATIC|Unchained Rogue ~ Trap Sense|!PREABILITY:1,CATEGORY=Archetype,TYPE.RogueTrapSense
4	ABILITY:Special Ability|AUTOMATIC|Uncanny Dodge ~ Base
20	ABILITY:Rogue Class Feature|AUTOMATIC|Unchained Rogue ~ Master Strike|!PREABILITY:1,CATEGORY=Archetype,TYPE.RogueMasterStrike

# Class Name		Prohibited Class
CLASS:Rogue.MOD	!PRECLASS:1,Unchained Rogue=1

#
# End
#
